Determining if the pthread_create exist failed with the following output:
Change Dir: /home/sleepy/catkin_ws/build/CMakeFiles/CMakeTmp

Run Build Command:"/usr/bin/make" "cmTC_41fff/fast"
/usr/bin/make -f CMakeFiles/cmTC_41fff.dir/build.make CMakeFiles/cmTC_41fff.dir/build
make[1]: Entering directory '/home/sleepy/catkin_ws/build/CMakeFiles/CMakeTmp'
Building C object CMakeFiles/cmTC_41fff.dir/CheckSymbolExists.c.o
/usr/bin/cc    -o CMakeFiles/cmTC_41fff.dir/CheckSymbolExists.c.o   -c /home/sleepy/catkin_ws/build/CMakeFiles/CMakeTmp/CheckSymbolExists.c
Linking C executable cmTC_41fff
/usr/bin/cmake -E cmake_link_script CMakeFiles/cmTC_41fff.dir/link.txt --verbose=1
/usr/bin/cc      -rdynamic CMakeFiles/cmTC_41fff.dir/CheckSymbolExists.c.o  -o cmTC_41fff 
CMakeFiles/cmTC_41fff.dir/CheckSymbolExists.c.o: In function `main':
CheckSymbolExists.c:(.text+0x14): undefined reference to `pthread_create'
CheckSymbolExists.c:(.text+0x18): undefined reference to `pthread_create'
collect2: error: ld returned 1 exit status
CMakeFiles/cmTC_41fff.dir/build.make:97: recipe for target 'cmTC_41fff' failed
make[1]: *** [cmTC_41fff] Error 1
make[1]: Leaving directory '/home/sleepy/catkin_ws/build/CMakeFiles/CMakeTmp'
Makefile:126: recipe for target 'cmTC_41fff/fast' failed
make: *** [cmTC_41fff/fast] Error 2

File /home/sleepy/catkin_ws/build/CMakeFiles/CMakeTmp/CheckSymbolExists.c:
/* */
#include <pthread.h>

int main(int argc, char** argv)
{
  (void)argv;
#ifndef pthread_create
  return ((int*)(&pthread_create))[argc];
#else
  (void)argc;
  return 0;
#endif
}

Determining if the function pthread_create exists in the pthreads failed with the following output:
Change Dir: /home/sleepy/catkin_ws/build/CMakeFiles/CMakeTmp

Run Build Command:"/usr/bin/make" "cmTC_87469/fast"
/usr/bin/make -f CMakeFiles/cmTC_87469.dir/build.make CMakeFiles/cmTC_87469.dir/build
make[1]: Entering directory '/home/sleepy/catkin_ws/build/CMakeFiles/CMakeTmp'
Building C object CMakeFiles/cmTC_87469.dir/CheckFunctionExists.c.o
/usr/bin/cc   -DCHECK_FUNCTION_EXISTS=pthread_create   -o CMakeFiles/cmTC_87469.dir/CheckFunctionExists.c.o   -c /usr/share/cmake-3.10/Modules/CheckFunctionExists.c
Linking C executable cmTC_87469
/usr/bin/cmake -E cmake_link_script CMakeFiles/cmTC_87469.dir/link.txt --verbose=1
/usr/bin/cc  -DCHECK_FUNCTION_EXISTS=pthread_create    -rdynamic CMakeFiles/cmTC_87469.dir/CheckFunctionExists.c.o  -o cmTC_87469 -lpthreads 
/usr/bin/ld: cannot find -lpthreads
collect2: error: ld returned 1 exit status
CMakeFiles/cmTC_87469.dir/build.make:97: recipe for target 'cmTC_87469' failed
make[1]: *** [cmTC_87469] Error 1
make[1]: Leaving directory '/home/sleepy/catkin_ws/build/CMakeFiles/CMakeTmp'
Makefile:126: recipe for target 'cmTC_87469/fast' failed
make: *** [cmTC_87469/fast] Error 2


